[21:55:23] [main/INFO]: Loading Minecraft 1.20.1 with Fabric Loader 0.16.3
[21:55:23] [main/INFO]: Loading 4 mods:
	- fabricloader 0.16.3
	   \-- mixinextras 0.4.1
	- java 17
	- minecraft 1.20.1
[21:55:23] [main/INFO]: SpongePowered MIXIN Subsystem Version=0.8.7 Source=file:/workspaces/XD/servidor_minecraft/libraries/net/fabricmc/sponge-mixin/0.15.2+mixin.0.8.7/sponge-mixin-0.15.2+mixin.0.8.7.jar Service=Knot/Fabric Env=SERVER
[21:55:28] [main/INFO]: Environment: authHost='https://authserver.mojang.com', accountsHost='https://api.mojang.com', sessionHost='https://sessionserver.mojang.com', servicesHost='https://api.minecraftservices.com', name='PROD'
[21:55:28] [main/WARN]: Missing data pack mod:betterdungeons
[21:55:28] [main/WARN]: Missing data pack mod:kuma_api
[21:55:28] [main/WARN]: Missing data pack mod:happyghastmod
[21:55:28] [main/WARN]: Missing data pack mod:betterwitchhuts
[21:55:28] [main/WARN]: Missing data pack mod:netherexp
[21:55:28] [main/WARN]: Missing data pack mod:geckolib
[21:55:28] [main/WARN]: Missing data pack mod:playeranimator
[21:55:28] [main/WARN]: Missing data pack mod:elysium_api
[21:55:28] [main/WARN]: Missing data pack mod:jei
[21:55:28] [main/WARN]: Missing data pack mod:graveyard
[21:55:28] [main/WARN]: Missing data pack mod:betteroceanmonuments
[21:55:28] [main/WARN]: Missing data pack mod:trender
[21:55:28] [main/WARN]: Missing data pack mod:caelus
[21:55:28] [main/WARN]: Missing data pack mod:waystones
[21:55:28] [main/WARN]: Missing data pack mod:clumps
[21:55:28] [main/WARN]: Missing data pack mod:fastasyncworldsave
[21:55:28] [main/WARN]: Missing data pack mod:betterendcities
[21:55:28] [main/WARN]: Missing data pack mod:yungscavebiomes
[21:55:28] [main/WARN]: Missing data pack mod:citadel
[21:55:28] [main/WARN]: Missing data pack mod:alexsmobs
[21:55:28] [main/WARN]: Missing data pack mod:yungsapi
[21:55:28] [main/WARN]: Missing data pack mod:mixinextras
[21:55:28] [main/WARN]: Missing data pack mod:redeco
[21:55:28] [main/WARN]: Missing data pack mod:betterdeserttemples
[21:55:28] [main/WARN]: Missing data pack mod:balm
[21:55:28] [main/WARN]: Missing data pack mod:bosses_of_mass_destruction
[21:55:28] [main/WARN]: Missing data pack mod:terralith
[21:55:28] [main/WARN]: Missing data pack mod:azurelib
[21:55:28] [main/WARN]: Missing data pack mod:exposure
[21:55:28] [main/WARN]: Missing data pack mod:puzzlesaccessapi
[21:55:28] [main/WARN]: Missing data pack mod:betterfortresses
[21:55:28] [main/WARN]: Missing data pack mod:cloth_config
[21:55:28] [main/WARN]: Missing data pack mod:forge
[21:55:28] [main/WARN]: Missing data pack mod:emojiful
[21:55:28] [main/WARN]: Missing data pack mod:friendsandfoes
[21:55:28] [main/WARN]: Missing data pack mod:wither_spawn_animation
[21:55:28] [main/WARN]: Missing data pack mod:hearths
[21:55:28] [main/WARN]: Missing data pack mod:farmersdelight
[21:55:28] [main/WARN]: Missing data pack mod:alexscaves
[21:55:28] [main/WARN]: Missing data pack mod:voicechat
[21:55:28] [main/WARN]: Missing data pack mod:morevillagers
[21:55:28] [main/WARN]: Missing data pack mod:terrablender
[21:55:28] [main/WARN]: Missing data pack mod:moonlight
[21:55:28] [main/WARN]: Missing data pack mod:jade
[21:55:28] [main/WARN]: Missing data pack mod:mofus_better_end_
[21:55:28] [main/WARN]: Missing data pack mod:hoporp
[21:55:28] [main/WARN]: Missing data pack mod:creativecore
[21:55:28] [main/WARN]: Missing data pack mod:bfendcities
[21:55:28] [main/WARN]: Missing data pack mod:eeeabsmobs
[21:55:28] [main/WARN]: Missing data pack mod:nethersdelight
[21:55:28] [main/WARN]: Missing data pack mod:resourcefulconfig
[21:55:28] [main/WARN]: Missing data pack mod:samurai_dynasty
[21:55:28] [main/WARN]: Missing data pack mod:lionfishapi
[21:55:28] [main/WARN]: Missing data pack mod:ribbits
[21:55:28] [main/WARN]: Missing data pack mod:cataclysm
[21:55:28] [main/WARN]: Missing data pack mod:curios
[21:55:28] [main/WARN]: Missing data pack mod:gravestone
[21:55:28] [main/WARN]: Missing data pack mod:cerbons_api
[21:55:28] [main/WARN]: Missing data pack mod:irons_spellbooks
[21:55:28] [main/WARN]: Missing data pack mod:entityculling
[21:55:28] [main/WARN]: Missing data pack mod:betterstrongholds
[21:55:28] [main/WARN]: Missing data pack mod:resourcefullib
[21:55:28] [main/WARN]: Missing data pack mod:mr_limesplatus_ending
[21:55:28] [main/WARN]: Missing data pack mod:cupboard
[21:55:28] [main/WARN]: Missing data pack mod:transition
[21:55:28] [main/WARN]: Missing data pack mod:refurbished_furniture
[21:55:28] [main/WARN]: Missing data pack mod:itemphysic
[21:55:28] [main/WARN]: Missing data pack mod:betterendisland
[21:55:28] [main/WARN]: Missing data pack mod:puzzleslib
[21:55:28] [main/WARN]: Missing data pack mod:framework
[21:55:28] [main/WARN]: Missing data pack mod:illageandspillage
[21:55:28] [main/WARN]: Missing data pack mod:bettermineshafts
[21:55:28] [main/WARN]: Missing data pack mod:moa_decor_electronics
[21:55:28] [main/WARN]: Missing data pack mod:luminous_nether
[21:55:28] [main/WARN]: Missing data pack mod:betterjungletemples
[21:55:28] [main/WARN]: Missing data pack alexscaves_compat
[21:55:28] [main/WARN]: Missing data pack alexsmobs_compat
[21:55:30] [main/WARN]: Failed to load datapacks, can't proceed with server load. You can either fix your datapacks or reset to vanilla with --safeMode
java.util.concurrent.ExecutionException: java.lang.IllegalStateException: Overworld settings missing
	at java.util.concurrent.CompletableFuture.reportGet(CompletableFuture.java:396) ~[?:?]
	at java.util.concurrent.CompletableFuture.get(CompletableFuture.java:2073) ~[?:?]
	at net.minecraft.server.Main.main(Main.java:209) ~[server-intermediary.jar:?]
	at net.fabricmc.loader.impl.game.minecraft.MinecraftGameProvider.launch(MinecraftGameProvider.java:480) ~[fabric-loader-0.16.3.jar:?]
	at net.fabricmc.loader.impl.launch.knot.Knot.launch(Knot.java:74) ~[fabric-loader-0.16.3.jar:?]
	at net.fabricmc.loader.impl.launch.knot.KnotServer.main(KnotServer.java:23) ~[fabric-loader-0.16.3.jar:?]
	at net.fabricmc.loader.impl.launch.server.FabricServerLauncher.main(FabricServerLauncher.java:69) ~[fabric-loader-0.16.3.jar:?]
	at net.fabricmc.installer.ServerLauncher.main(ServerLauncher.java:69) ~[fabric-server-launch.jar:1.0.1]
Caused by: java.lang.IllegalStateException: Overworld settings missing
	at net.minecraft.class_7723.<init>(class_7723.java:50) ~[server-intermediary.jar:?]
	at com.mojang.serialization.codecs.RecordCodecBuilder$Instance$1.lambda$decode$0(RecordCodecBuilder.java:185) ~[datafixerupper-6.0.8.jar:?]
	at com.mojang.datafixers.util.Either$Left.mapBoth(Either.java:33) ~[datafixerupper-6.0.8.jar:?]
	at com.mojang.serialization.DataResult.map(DataResult.java:111) ~[datafixerupper-6.0.8.jar:?]
	at com.mojang.serialization.codecs.RecordCodecBuilder$Instance$1.lambda$decode$1(RecordCodecBuilder.java:184) ~[datafixerupper-6.0.8.jar:?]
	at com.mojang.serialization.DataResult.lambda$flatMap$15(DataResult.java:144) ~[datafixerupper-6.0.8.jar:?]
	at java.util.Optional.map(Optional.java:260) ~[?:?]
	at com.mojang.serialization.DataResult.lambda$flatMap$17(DataResult.java:143) ~[datafixerupper-6.0.8.jar:?]
	at com.mojang.datafixers.util.Either$Right.map(Either.java:99) ~[datafixerupper-6.0.8.jar:?]
	at com.mojang.serialization.DataResult.flatMap(DataResult.java:137) ~[datafixerupper-6.0.8.jar:?]
	at com.mojang.serialization.codecs.RecordCodecBuilder$Instance$1.decode(RecordCodecBuilder.java:183) ~[datafixerupper-6.0.8.jar:?]
	at com.mojang.serialization.codecs.RecordCodecBuilder$2.decode(RecordCodecBuilder.java:107) ~[datafixerupper-6.0.8.jar:?]
	at com.mojang.serialization.codecs.RecordCodecBuilder$Instance$3.decode(RecordCodecBuilder.java:249) ~[datafixerupper-6.0.8.jar:?]
	at com.mojang.serialization.codecs.RecordCodecBuilder$2.decode(RecordCodecBuilder.java:107) ~[datafixerupper-6.0.8.jar:?]
	at com.mojang.serialization.MapDecoder.lambda$compressedDecode$1(MapDecoder.java:52) ~[datafixerupper-6.0.8.jar:?]
	at com.mojang.serialization.DataResult.lambda$flatMap$11(DataResult.java:139) ~[datafixerupper-6.0.8.jar:?]
	at com.mojang.datafixers.util.Either$Left.map(Either.java:38) ~[datafixerupper-6.0.8.jar:?]
	at com.mojang.serialization.DataResult.flatMap(DataResult.java:137) ~[datafixerupper-6.0.8.jar:?]
	at com.mojang.serialization.MapDecoder.compressedDecode(MapDecoder.java:52) ~[datafixerupper-6.0.8.jar:?]
	at com.mojang.serialization.MapCodec$MapCodecCodec.decode(MapCodec.java:91) ~[datafixerupper-6.0.8.jar:?]
	at com.mojang.serialization.Decoder.decode(Decoder.java:22) ~[datafixerupper-6.0.8.jar:?]
	at com.mojang.serialization.Decoder.parse(Decoder.java:26) ~[datafixerupper-6.0.8.jar:?]
	at net.minecraft.class_32.method_29010(class_32.java:154) ~[server-intermediary.jar:?]
	at net.minecraft.class_32.method_29582(class_32.java:276) ~[server-intermediary.jar:?]
	at net.minecraft.class_32.method_26998(class_32.java:234) ~[server-intermediary.jar:?]
	at net.minecraft.class_32$class_5143.method_27013(class_32.java:433) ~[server-intermediary.jar:?]
	at net.minecraft.server.Main.method_43613(Main.java:167) ~[server-intermediary.jar:?]
	at net.minecraft.class_7237.method_42098(class_7237.java:42) ~[server-intermediary.jar:?]
	at net.minecraft.server.Main.method_43612(Main.java:162) ~[server-intermediary.jar:?]
	at net.minecraft.class_156.method_43498(class_156.java:944) ~[server-intermediary.jar:?]
	at net.minecraft.class_156.method_43499(class_156.java:938) ~[server-intermediary.jar:?]
	at net.minecraft.server.Main.main(Main.java:160) ~[server-intermediary.jar:?]
	... 5 more
